<?xml version="1.0" encoding="UTF-8"?>
<testsuite name="com.kata.SpringBootWebApplicationTests" tests="1" skipped="0" failures="0" errors="0" timestamp="2017-03-22T20:38:09" hostname="Shaileshs-MBP.localdomain" time="0.031">
  <properties/>
  <testcase name="contextLoads" classname="com.kata.SpringBootWebApplicationTests" time="0.031"/>
  <system-out><![CDATA[21:38:06.467 [Test worker] DEBUG org.springframework.test.context.junit4.SpringJUnit4ClassRunner - SpringJUnit4ClassRunner constructor called with [class com.kata.SpringBootWebApplicationTests]
21:38:06.471 [Test worker] DEBUG org.springframework.test.context.BootstrapUtils - Instantiating CacheAwareContextLoaderDelegate from class [org.springframework.test.context.cache.DefaultCacheAwareContextLoaderDelegate]
21:38:06.478 [Test worker] DEBUG org.springframework.test.context.BootstrapUtils - Instantiating BootstrapContext using constructor [public org.springframework.test.context.support.DefaultBootstrapContext(java.lang.Class,org.springframework.test.context.CacheAwareContextLoaderDelegate)]
21:38:06.493 [Test worker] DEBUG org.springframework.test.context.BootstrapUtils - Instantiating TestContextBootstrapper for test class [com.kata.SpringBootWebApplicationTests] from class [org.springframework.boot.test.context.SpringBootTestContextBootstrapper]
21:38:06.505 [Test worker] INFO org.springframework.boot.test.context.SpringBootTestContextBootstrapper - Neither @ContextConfiguration nor @ContextHierarchy found for test class [com.kata.SpringBootWebApplicationTests], using SpringBootContextLoader
21:38:06.508 [Test worker] DEBUG org.springframework.test.context.support.AbstractContextLoader - Did not detect default resource location for test class [com.kata.SpringBootWebApplicationTests]: class path resource [com/kata/SpringBootWebApplicationTests-context.xml] does not exist
21:38:06.509 [Test worker] DEBUG org.springframework.test.context.support.AbstractContextLoader - Did not detect default resource location for test class [com.kata.SpringBootWebApplicationTests]: class path resource [com/kata/SpringBootWebApplicationTestsContext.groovy] does not exist
21:38:06.509 [Test worker] INFO org.springframework.test.context.support.AbstractContextLoader - Could not detect default resource locations for test class [com.kata.SpringBootWebApplicationTests]: no resource found for suffixes {-context.xml, Context.groovy}.
21:38:06.510 [Test worker] INFO org.springframework.test.context.support.AnnotationConfigContextLoaderUtils - Could not detect default configuration classes for test class [com.kata.SpringBootWebApplicationTests]: SpringBootWebApplicationTests does not declare any static, non-private, non-final, nested classes annotated with @Configuration.
21:38:06.559 [Test worker] DEBUG org.springframework.test.context.support.ActiveProfilesUtils - Could not find an 'annotation declaring class' for annotation type [org.springframework.test.context.ActiveProfiles] and class [com.kata.SpringBootWebApplicationTests]
21:38:06.571 [Test worker] DEBUG org.springframework.core.env.StandardEnvironment - Adding [systemProperties] PropertySource with lowest search precedence
21:38:06.572 [Test worker] DEBUG org.springframework.core.env.StandardEnvironment - Adding [systemEnvironment] PropertySource with lowest search precedence
21:38:06.572 [Test worker] DEBUG org.springframework.core.env.StandardEnvironment - Initialized StandardEnvironment with PropertySources [systemProperties,systemEnvironment]
21:38:06.598 [Test worker] DEBUG org.springframework.core.io.support.PathMatchingResourcePatternResolver - Resolved classpath location [com/kata/] to resources [URL [file:/Users/Shailesh/Git/spring-boot-web-kata/build/classes/test/com/kata/], URL [file:/Users/Shailesh/Git/spring-boot-web-kata/build/classes/main/com/kata/]]
21:38:06.598 [Test worker] DEBUG org.springframework.core.io.support.PathMatchingResourcePatternResolver - Looking for matching resources in directory tree [/Users/Shailesh/Git/spring-boot-web-kata/build/classes/test/com/kata]
21:38:06.599 [Test worker] DEBUG org.springframework.core.io.support.PathMatchingResourcePatternResolver - Searching directory [/Users/Shailesh/Git/spring-boot-web-kata/build/classes/test/com/kata] for files matching pattern [/Users/Shailesh/Git/spring-boot-web-kata/build/classes/test/com/kata/*.class]
21:38:06.602 [Test worker] DEBUG org.springframework.core.io.support.PathMatchingResourcePatternResolver - Looking for matching resources in directory tree [/Users/Shailesh/Git/spring-boot-web-kata/build/classes/main/com/kata]
21:38:06.602 [Test worker] DEBUG org.springframework.core.io.support.PathMatchingResourcePatternResolver - Searching directory [/Users/Shailesh/Git/spring-boot-web-kata/build/classes/main/com/kata] for files matching pattern [/Users/Shailesh/Git/spring-boot-web-kata/build/classes/main/com/kata/*.class]
21:38:06.603 [Test worker] DEBUG org.springframework.core.io.support.PathMatchingResourcePatternResolver - Resolved location pattern [classpath*:com/kata/*.class] to resources [file [/Users/Shailesh/Git/spring-boot-web-kata/build/classes/test/com/kata/SpringBootWebApplicationTests.class], file [/Users/Shailesh/Git/spring-boot-web-kata/build/classes/main/com/kata/SpringBootWebApplication.class]]
21:38:06.650 [Test worker] DEBUG org.springframework.context.annotation.ClassPathScanningCandidateComponentProvider - Identified candidate component class: file [/Users/Shailesh/Git/spring-boot-web-kata/build/classes/main/com/kata/SpringBootWebApplication.class]
21:38:06.651 [Test worker] INFO org.springframework.boot.test.context.SpringBootTestContextBootstrapper - Found @SpringBootConfiguration com.kata.SpringBootWebApplication for test class com.kata.SpringBootWebApplicationTests
21:38:06.654 [Test worker] DEBUG org.springframework.boot.test.context.SpringBootTestContextBootstrapper - @TestExecutionListeners is not present for class [com.kata.SpringBootWebApplicationTests]: using defaults.
21:38:06.658 [Test worker] INFO org.springframework.boot.test.context.SpringBootTestContextBootstrapper - Loaded default TestExecutionListener class names from location [META-INF/spring.factories]: [org.springframework.boot.test.mock.mockito.MockitoTestExecutionListener, org.springframework.boot.test.mock.mockito.ResetMocksTestExecutionListener, org.springframework.boot.test.autoconfigure.restdocs.RestDocsTestExecutionListener, org.springframework.boot.test.autoconfigure.web.client.MockRestServiceServerResetTestExecutionListener, org.springframework.boot.test.autoconfigure.web.servlet.MockMvcPrintOnlyOnFailureTestExecutionListener, org.springframework.boot.test.autoconfigure.web.servlet.WebDriverTestExecutionListener, org.springframework.test.context.web.ServletTestExecutionListener, org.springframework.test.context.support.DirtiesContextBeforeModesTestExecutionListener, org.springframework.test.context.support.DependencyInjectionTestExecutionListener, org.springframework.test.context.support.DirtiesContextTestExecutionListener, org.springframework.test.context.transaction.TransactionalTestExecutionListener, org.springframework.test.context.jdbc.SqlScriptsTestExecutionListener]
21:38:06.671 [Test worker] INFO org.springframework.boot.test.context.SpringBootTestContextBootstrapper - Could not instantiate TestExecutionListener [org.springframework.test.context.transaction.TransactionalTestExecutionListener]. Specify custom listener classes or make the default listener classes (and their required dependencies) available. Offending class: [org/springframework/transaction/interceptor/TransactionAttributeSource]
21:38:06.672 [Test worker] INFO org.springframework.boot.test.context.SpringBootTestContextBootstrapper - Could not instantiate TestExecutionListener [org.springframework.test.context.jdbc.SqlScriptsTestExecutionListener]. Specify custom listener classes or make the default listener classes (and their required dependencies) available. Offending class: [org/springframework/transaction/interceptor/TransactionAttribute]
21:38:06.675 [Test worker] INFO org.springframework.boot.test.context.SpringBootTestContextBootstrapper - Using TestExecutionListeners: [org.springframework.test.context.web.ServletTestExecutionListener@6d88fcad, org.springframework.test.context.support.DirtiesContextBeforeModesTestExecutionListener@3449f64b, org.springframework.boot.test.autoconfigure.SpringBootDependencyInjectionTestExecutionListener@4610c842, org.springframework.test.context.support.DirtiesContextTestExecutionListener@4654bc4d, org.springframework.boot.test.mock.mockito.MockitoTestExecutionListener@6c935dbe, org.springframework.boot.test.autoconfigure.web.servlet.MockMvcPrintOnlyOnFailureTestExecutionListener@171305c9, org.springframework.boot.test.autoconfigure.web.client.MockRestServiceServerResetTestExecutionListener@57018db1, org.springframework.boot.test.autoconfigure.restdocs.RestDocsTestExecutionListener@34d4e5c8, org.springframework.boot.test.autoconfigure.web.servlet.WebDriverTestExecutionListener@425c3041, org.springframework.boot.test.mock.mockito.ResetMocksTestExecutionListener@4dee588e]
21:38:06.678 [Test worker] DEBUG org.springframework.test.annotation.ProfileValueUtils - Retrieved @ProfileValueSourceConfiguration [null] for test class [com.kata.SpringBootWebApplicationTests]
21:38:06.679 [Test worker] DEBUG org.springframework.test.annotation.ProfileValueUtils - Retrieved ProfileValueSource type [class org.springframework.test.annotation.SystemProfileValueSource] for class [com.kata.SpringBootWebApplicationTests]
21:38:06.680 [Test worker] DEBUG org.springframework.test.annotation.ProfileValueUtils - Retrieved @ProfileValueSourceConfiguration [null] for test class [com.kata.SpringBootWebApplicationTests]
21:38:06.680 [Test worker] DEBUG org.springframework.test.annotation.ProfileValueUtils - Retrieved ProfileValueSource type [class org.springframework.test.annotation.SystemProfileValueSource] for class [com.kata.SpringBootWebApplicationTests]
21:38:06.684 [Test worker] DEBUG org.springframework.test.context.support.AbstractDirtiesContextTestExecutionListener - Before test class: context [DefaultTestContext@2a03b49 testClass = SpringBootWebApplicationTests, testInstance = [null], testMethod = [null], testException = [null], mergedContextConfiguration = [WebMergedContextConfiguration@2d121b39 testClass = SpringBootWebApplicationTests, locations = '{}', classes = '{class com.kata.SpringBootWebApplication}', contextInitializerClasses = '[]', activeProfiles = '{}', propertySourceLocations = '{}', propertySourceProperties = '{org.springframework.boot.test.context.SpringBootTestContextBootstrapper=true}', contextCustomizers = set[org.springframework.boot.test.context.SpringBootTestContextCustomizer@5c8fe686, org.springframework.boot.test.context.filter.ExcludeFilterContextCustomizer@55e129f5, org.springframework.boot.test.mock.mockito.MockitoContextCustomizer@0, org.springframework.boot.test.autoconfigure.properties.PropertyMappingContextCustomizer@0, org.springframework.boot.test.autoconfigure.web.servlet.WebDriverContextCustomizerFactory$Customizer@76c3e038], resourceBasePath = 'src/main/webapp', contextLoader = 'org.springframework.boot.test.context.SpringBootContextLoader', parent = [null]]], class annotated with @DirtiesContext [false] with mode [null].
21:38:06.685 [Test worker] DEBUG org.springframework.test.annotation.ProfileValueUtils - Retrieved @ProfileValueSourceConfiguration [null] for test class [com.kata.SpringBootWebApplicationTests]
21:38:06.685 [Test worker] DEBUG org.springframework.test.annotation.ProfileValueUtils - Retrieved ProfileValueSource type [class org.springframework.test.annotation.SystemProfileValueSource] for class [com.kata.SpringBootWebApplicationTests]
21:38:06.738 [Test worker] DEBUG org.springframework.core.env.StandardEnvironment - Adding [systemProperties] PropertySource with lowest search precedence
21:38:06.738 [Test worker] DEBUG org.springframework.core.env.StandardEnvironment - Adding [systemEnvironment] PropertySource with lowest search precedence
21:38:06.738 [Test worker] DEBUG org.springframework.core.env.StandardEnvironment - Initialized StandardEnvironment with PropertySources [systemProperties,systemEnvironment]
21:38:06.740 [Test worker] DEBUG org.springframework.core.env.MutablePropertySources - Adding [inline] PropertySource with highest search precedence
21:38:06.745 [Test worker] DEBUG org.springframework.test.context.support.TestPropertySourceUtils - Adding inlined properties to environment: {spring.jmx.enabled=false, org.springframework.boot.test.context.SpringBootTestContextBootstrapper=true, server.port=-1}
21:38:06.745 [Test worker] DEBUG org.springframework.core.env.StandardEnvironment - Adding [Inlined Test Properties] PropertySource with highest search precedence

  .   ____          _            __ _ _
 /\\ / ___'_ __ _ _(_)_ __  __ _ \ \ \ \
( ( )\___ | '_ | '_| | '_ \/ _` | \ \ \ \
 \\/  ___)| |_)| | | | | || (_| |  ) ) ) )
  '  |____| .__|_| |_|_| |_\__, | / / / /
 =========|_|==============|___/=/_/_/_/
 :: Spring Boot ::        (v1.5.2.RELEASE)

2017-03-22 21:38:07.020  INFO 22798 --- [    Test worker] com.kata.SpringBootWebApplicationTests   : Starting SpringBootWebApplicationTests on Shaileshs-MBP.localdomain with PID 22798 (started by Shailesh in /Users/Shailesh/Git/spring-boot-web-kata)
2017-03-22 21:38:07.021  INFO 22798 --- [    Test worker] com.kata.SpringBootWebApplicationTests   : No active profile set, falling back to default profiles: default
2017-03-22 21:38:07.071  INFO 22798 --- [    Test worker] o.s.w.c.s.GenericWebApplicationContext   : Refreshing org.springframework.web.context.support.GenericWebApplicationContext@679478e8: startup date [Wed Mar 22 21:38:07 CET 2017]; root of context hierarchy
2017-03-22 21:38:08.712  INFO 22798 --- [    Test worker] s.w.s.m.m.a.RequestMappingHandlerAdapter : Looking for @ControllerAdvice: org.springframework.web.context.support.GenericWebApplicationContext@679478e8: startup date [Wed Mar 22 21:38:07 CET 2017]; root of context hierarchy
2017-03-22 21:38:08.795  INFO 22798 --- [    Test worker] s.w.s.m.m.a.RequestMappingHandlerMapping : Mapped "{[/error]}" onto public org.springframework.http.ResponseEntity<java.util.Map<java.lang.String, java.lang.Object>> org.springframework.boot.autoconfigure.web.BasicErrorController.error(javax.servlet.http.HttpServletRequest)
2017-03-22 21:38:08.797  INFO 22798 --- [    Test worker] s.w.s.m.m.a.RequestMappingHandlerMapping : Mapped "{[/error],produces=[text/html]}" onto public org.springframework.web.servlet.ModelAndView org.springframework.boot.autoconfigure.web.BasicErrorController.errorHtml(javax.servlet.http.HttpServletRequest,javax.servlet.http.HttpServletResponse)
2017-03-22 21:38:08.848  INFO 22798 --- [    Test worker] o.s.w.s.handler.SimpleUrlHandlerMapping  : Mapped URL path [/webjars/**] onto handler of type [class org.springframework.web.servlet.resource.ResourceHttpRequestHandler]
2017-03-22 21:38:08.848  INFO 22798 --- [    Test worker] o.s.w.s.handler.SimpleUrlHandlerMapping  : Mapped URL path [/**] onto handler of type [class org.springframework.web.servlet.resource.ResourceHttpRequestHandler]
2017-03-22 21:38:08.898  INFO 22798 --- [    Test worker] o.s.w.s.handler.SimpleUrlHandlerMapping  : Mapped URL path [/**/favicon.ico] onto handler of type [class org.springframework.web.servlet.resource.ResourceHttpRequestHandler]
2017-03-22 21:38:09.128  INFO 22798 --- [    Test worker] com.kata.SpringBootWebApplicationTests   : Started SpringBootWebApplicationTests in 2.368 seconds (JVM running for 3.424)
]]></system-out>
  <system-err><![CDATA[]]></system-err>
</testsuite>
